[2021-10-01 17:31:07] production.ERROR: Symfony\Component\Console\Exception\CommandNotFoundException: There are no commands defined in the "package" namespace. in C:\Users\Nirmal Bandara\Downloads\slaravel-blog-system-master\vendor\symfony\console\Application.php:579
Stack trace:
#0 C:\Users\Nirmal Bandara\Downloads\slaravel-blog-system-master\vendor\symfony\console\Application.php(632): Symfony\Component\Console\Application->findNamespace('package')
#1 C:\Users\Nirmal Bandara\Downloads\slaravel-blog-system-master\vendor\symfony\console\Application.php(236): Symfony\Component\Console\Application->find('package:discove...')
#2 C:\Users\Nirmal Bandara\Downloads\slaravel-blog-system-master\vendor\symfony\console\Application.php(148): Symfony\Component\Console\Application->doRun(Object(Symfony\Component\Console\Input\ArgvInput), Object(Symfony\Component\Console\Output\ConsoleOutput))
#3 C:\Users\Nirmal Bandara\Downloads\slaravel-blog-system-master\vendor\laravel\framework\src\Illuminate\Foundation\Console\Kernel.php(122): Symfony\Component\Console\Application->run(Object(Symfony\Component\Console\Input\ArgvInput), Object(Symfony\Component\Console\Output\ConsoleOutput))
#4 C:\Users\Nirmal Bandara\Downloads\slaravel-blog-system-master\artisan(35): Illuminate\Foundation\Console\Kernel->handle(Object(Symfony\Component\Console\Input\ArgvInput), Object(Symfony\Component\Console\Output\ConsoleOutput))
#5 {main}  
[2021-10-01 17:31:20] production.ERROR: ErrorException: file_get_contents(C:\Users\Nirmal Bandara\Downloads\slaravel-blog-system-master/.env): failed to open stream: No such file or directory in C:\Users\Nirmal Bandara\Downloads\slaravel-blog-system-master\vendor\laravel\framework\src\Illuminate\Foundation\Console\KeyGenerateCommand.php:95
Stack trace:
#0 [internal function]: Illuminate\Foundation\Bootstrap\HandleExceptions->handleError(2, 'file_get_conten...', 'C:\\Users\\Nirmal...', 95, Array)
#1 C:\Users\Nirmal Bandara\Downloads\slaravel-blog-system-master\vendor\laravel\framework\src\Illuminate\Foundation\Console\KeyGenerateCommand.php(95): file_get_contents('C:\\Users\\Nirmal...')
#2 C:\Users\Nirmal Bandara\Downloads\slaravel-blog-system-master\vendor\laravel\framework\src\Illuminate\Foundation\Console\KeyGenerateCommand.php(79): Illuminate\Foundation\Console\KeyGenerateCommand->writeNewEnvironmentFileWith('base64:X+/9e4yJ...')
#3 C:\Users\Nirmal Bandara\Downloads\slaravel-blog-system-master\vendor\laravel\framework\src\Illuminate\Foundation\Console\KeyGenerateCommand.php(44): Illuminate\Foundation\Console\KeyGenerateCommand->setKeyInEnvironmentFile('base64:X+/9e4yJ...')
#4 [internal function]: Illuminate\Foundation\Console\KeyGenerateCommand->fire()
#5 C:\Users\Nirmal Bandara\Downloads\slaravel-blog-system-master\vendor\laravel\framework\src\Illuminate\Container\BoundMethod.php(29): call_user_func_array(Array, Array)
#6 C:\Users\Nirmal Bandara\Downloads\slaravel-blog-system-master\vendor\laravel\framework\src\Illuminate\Container\BoundMethod.php(87): Illuminate\Container\BoundMethod::Illuminate\Container\{closure}()
#7 C:\Users\Nirmal Bandara\Downloads\slaravel-blog-system-master\vendor\laravel\framework\src\Illuminate\Container\BoundMethod.php(31): Illuminate\Container\BoundMethod::callBoundMethod(Object(Illuminate\Foundation\Application), Array, Object(Closure))
#8 C:\Users\Nirmal Bandara\Downloads\slaravel-blog-system-master\vendor\laravel\framework\src\Illuminate\Container\Container.php(539): Illuminate\Container\BoundMethod::call(Object(Illuminate\Foundation\Application), Array, Array, NULL)
#9 C:\Users\Nirmal Bandara\Downloads\slaravel-blog-system-master\vendor\laravel\framework\src\Illuminate\Console\Command.php(182): Illuminate\Container\Container->call(Array)
#10 C:\Users\Nirmal Bandara\Downloads\slaravel-blog-system-master\vendor\symfony\console\Command\Command.php(255): Illuminate\Console\Command->execute(Object(Symfony\Component\Console\Input\ArgvInput), Object(Illuminate\Console\OutputStyle))
#11 C:\Users\Nirmal Bandara\Downloads\slaravel-blog-system-master\vendor\laravel\framework\src\Illuminate\Console\Command.php(167): Symfony\Component\Console\Command\Command->run(Object(Symfony\Component\Console\Input\ArgvInput), Object(Illuminate\Console\OutputStyle))
#12 C:\Users\Nirmal Bandara\Downloads\slaravel-blog-system-master\vendor\symfony\console\Application.php(992): Illuminate\Console\Command->run(Object(Symfony\Component\Console\Input\ArgvInput), Object(Symfony\Component\Console\Output\ConsoleOutput))
#13 C:\Users\Nirmal Bandara\Downloads\slaravel-blog-system-master\vendor\symfony\console\Application.php(255): Symfony\Component\Console\Application->doRunCommand(Object(Illuminate\Foundation\Console\KeyGenerateCommand), Object(Symfony\Component\Console\Input\ArgvInput), Object(Symfony\Component\Console\Output\ConsoleOutput))
#14 C:\Users\Nirmal Bandara\Downloads\slaravel-blog-system-master\vendor\symfony\console\Application.php(148): Symfony\Component\Console\Application->doRun(Object(Symfony\Component\Console\Input\ArgvInput), Object(Symfony\Component\Console\Output\ConsoleOutput))
#15 C:\Users\Nirmal Bandara\Downloads\slaravel-blog-system-master\vendor\laravel\framework\src\Illuminate\Foundation\Console\Kernel.php(122): Symfony\Component\Console\Application->run(Object(Symfony\Component\Console\Input\ArgvInput), Object(Symfony\Component\Console\Output\ConsoleOutput))
#16 C:\Users\Nirmal Bandara\Downloads\slaravel-blog-system-master\artisan(35): Illuminate\Foundation\Console\Kernel->handle(Object(Symfony\Component\Console\Input\ArgvInput), Object(Symfony\Component\Console\Output\ConsoleOutput))
#17 {main}  
[2021-10-01 17:34:24] production.ERROR: ErrorException: file_get_contents(C:\Users\Nirmal Bandara\Downloads\slaravel-blog-system-master/.env): failed to open stream: No such file or directory in C:\Users\Nirmal Bandara\Downloads\slaravel-blog-system-master\vendor\laravel\framework\src\Illuminate\Foundation\Console\KeyGenerateCommand.php:95
Stack trace:
#0 [internal function]: Illuminate\Foundation\Bootstrap\HandleExceptions->handleError(2, 'file_get_conten...', 'C:\\Users\\Nirmal...', 95, Array)
#1 C:\Users\Nirmal Bandara\Downloads\slaravel-blog-system-master\vendor\laravel\framework\src\Illuminate\Foundation\Console\KeyGenerateCommand.php(95): file_get_contents('C:\\Users\\Nirmal...')
#2 C:\Users\Nirmal Bandara\Downloads\slaravel-blog-system-master\vendor\laravel\framework\src\Illuminate\Foundation\Console\KeyGenerateCommand.php(79): Illuminate\Foundation\Console\KeyGenerateCommand->writeNewEnvironmentFileWith('base64:s3+HYaHY...')
#3 C:\Users\Nirmal Bandara\Downloads\slaravel-blog-system-master\vendor\laravel\framework\src\Illuminate\Foundation\Console\KeyGenerateCommand.php(44): Illuminate\Foundation\Console\KeyGenerateCommand->setKeyInEnvironmentFile('base64:s3+HYaHY...')
#4 [internal function]: Illuminate\Foundation\Console\KeyGenerateCommand->fire()
#5 C:\Users\Nirmal Bandara\Downloads\slaravel-blog-system-master\vendor\laravel\framework\src\Illuminate\Container\BoundMethod.php(29): call_user_func_array(Array, Array)
#6 C:\Users\Nirmal Bandara\Downloads\slaravel-blog-system-master\vendor\laravel\framework\src\Illuminate\Container\BoundMethod.php(87): Illuminate\Container\BoundMethod::Illuminate\Container\{closure}()
#7 C:\Users\Nirmal Bandara\Downloads\slaravel-blog-system-master\vendor\laravel\framework\src\Illuminate\Container\BoundMethod.php(31): Illuminate\Container\BoundMethod::callBoundMethod(Object(Illuminate\Foundation\Application), Array, Object(Closure))
#8 C:\Users\Nirmal Bandara\Downloads\slaravel-blog-system-master\vendor\laravel\framework\src\Illuminate\Container\Container.php(539): Illuminate\Container\BoundMethod::call(Object(Illuminate\Foundation\Application), Array, Array, NULL)
#9 C:\Users\Nirmal Bandara\Downloads\slaravel-blog-system-master\vendor\laravel\framework\src\Illuminate\Console\Command.php(182): Illuminate\Container\Container->call(Array)
#10 C:\Users\Nirmal Bandara\Downloads\slaravel-blog-system-master\vendor\symfony\console\Command\Command.php(255): Illuminate\Console\Command->execute(Object(Symfony\Component\Console\Input\ArgvInput), Object(Illuminate\Console\OutputStyle))
#11 C:\Users\Nirmal Bandara\Downloads\slaravel-blog-system-master\vendor\laravel\framework\src\Illuminate\Console\Command.php(167): Symfony\Component\Console\Command\Command->run(Object(Symfony\Component\Console\Input\ArgvInput), Object(Illuminate\Console\OutputStyle))
#12 C:\Users\Nirmal Bandara\Downloads\slaravel-blog-system-master\vendor\symfony\console\Application.php(992): Illuminate\Console\Command->run(Object(Symfony\Component\Console\Input\ArgvInput), Object(Symfony\Component\Console\Output\ConsoleOutput))
#13 C:\Users\Nirmal Bandara\Downloads\slaravel-blog-system-master\vendor\symfony\console\Application.php(255): Symfony\Component\Console\Application->doRunCommand(Object(Illuminate\Foundation\Console\KeyGenerateCommand), Object(Symfony\Component\Console\Input\ArgvInput), Object(Symfony\Component\Console\Output\ConsoleOutput))
#14 C:\Users\Nirmal Bandara\Downloads\slaravel-blog-system-master\vendor\symfony\console\Application.php(148): Symfony\Component\Console\Application->doRun(Object(Symfony\Component\Console\Input\ArgvInput), Object(Symfony\Component\Console\Output\ConsoleOutput))
#15 C:\Users\Nirmal Bandara\Downloads\slaravel-blog-system-master\vendor\laravel\framework\src\Illuminate\Foundation\Console\Kernel.php(122): Symfony\Component\Console\Application->run(Object(Symfony\Component\Console\Input\ArgvInput), Object(Symfony\Component\Console\Output\ConsoleOutput))
#16 C:\Users\Nirmal Bandara\Downloads\slaravel-blog-system-master\artisan(35): Illuminate\Foundation\Console\Kernel->handle(Object(Symfony\Component\Console\Input\ArgvInput), Object(Symfony\Component\Console\Output\ConsoleOutput))
#17 {main}  
[2021-10-01 17:57:48] production.ERROR: RuntimeException: The only supported ciphers are AES-128-CBC and AES-256-CBC with the correct key lengths. in C:\Users\Nirmal Bandara\Downloads\slaravel-blog-system-master\vendor\laravel\framework\src\Illuminate\Encryption\Encrypter.php:43
Stack trace:
#0 C:\Users\Nirmal Bandara\Downloads\slaravel-blog-system-master\vendor\laravel\framework\src\Illuminate\Encryption\EncryptionServiceProvider.php(27): Illuminate\Encryption\Encrypter->__construct('', 'AES-256-CBC')
#1 C:\Users\Nirmal Bandara\Downloads\slaravel-blog-system-master\vendor\laravel\framework\src\Illuminate\Container\Container.php(726): Illuminate\Encryption\EncryptionServiceProvider->Illuminate\Encryption\{closure}(Object(Illuminate\Foundation\Application), Array)
#2 C:\Users\Nirmal Bandara\Downloads\slaravel-blog-system-master\vendor\laravel\framework\src\Illuminate\Container\Container.php(608): Illuminate\Container\Container->build(Object(Closure))
#3 C:\Users\Nirmal Bandara\Downloads\slaravel-blog-system-master\vendor\laravel\framework\src\Illuminate\Container\Container.php(575): Illuminate\Container\Container->resolve('encrypter')
#4 C:\Users\Nirmal Bandara\Downloads\slaravel-blog-system-master\vendor\laravel\framework\src\Illuminate\Foundation\Application.php(728): Illuminate\Container\Container->make('encrypter')
#5 C:\Users\Nirmal Bandara\Downloads\slaravel-blog-system-master\vendor\laravel\framework\src\Illuminate\Container\Container.php(862): Illuminate\Foundation\Application->make('encrypter')
#6 C:\Users\Nirmal Bandara\Downloads\slaravel-blog-system-master\vendor\laravel\framework\src\Illuminate\Container\Container.php(790): Illuminate\Container\Container->resolveClass(Object(ReflectionParameter))
#7 C:\Users\Nirmal Bandara\Downloads\slaravel-blog-system-master\vendor\laravel\framework\src\Illuminate\Container\Container.php(757): Illuminate\Container\Container->resolveDependencies(Array)
#8 C:\Users\Nirmal Bandara\Downloads\slaravel-blog-system-master\vendor\laravel\framework\src\Illuminate\Container\Container.php(608): Illuminate\Container\Container->build('App\\Http\\Middle...')
#9 C:\Users\Nirmal Bandara\Downloads\slaravel-blog-system-master\vendor\laravel\framework\src\Illuminate\Container\Container.php(575): Illuminate\Container\Container->resolve('App\\Http\\Middle...')
#10 C:\Users\Nirmal Bandara\Downloads\slaravel-blog-system-master\vendor\laravel\framework\src\Illuminate\Foundation\Application.php(728): Illuminate\Container\Container->make('App\\Http\\Middle...')
#11 C:\Users\Nirmal Bandara\Downloads\slaravel-blog-system-master\vendor\laravel\framework\src\Illuminate\Pipeline\Pipeline.php(138): Illuminate\Foundation\Application->make('App\\Http\\Middle...')
#12 C:\Users\Nirmal Bandara\Downloads\slaravel-blog-system-master\vendor\laravel\framework\src\Illuminate\Routing\Pipeline.php(53): Illuminate\Pipeline\Pipeline->Illuminate\Pipeline\{closure}(Object(Illuminate\Http\Request))
#13 C:\Users\Nirmal Bandara\Downloads\slaravel-blog-system-master\vendor\laravel\framework\src\Illuminate\Pipeline\Pipeline.php(102): Illuminate\Routing\Pipeline->Illuminate\Routing\{closure}(Object(Illuminate\Http\Request))
#14 C:\Users\Nirmal Bandara\Downloads\slaravel-blog-system-master\vendor\laravel\framework\src\Illuminate\Routing\Router.php(574): Illuminate\Pipeline\Pipeline->then(Object(Closure))
#15 C:\Users\Nirmal Bandara\Downloads\slaravel-blog-system-master\vendor\laravel\framework\src\Illuminate\Routing\Router.php(533): Illuminate\Routing\Router->runRouteWithinStack(Object(Illuminate\Routing\Route), Object(Illuminate\Http\Request))
#16 C:\Users\Nirmal Bandara\Downloads\slaravel-blog-system-master\vendor\laravel\framework\src\Illuminate\Routing\Router.php(511): Illuminate\Routing\Router->dispatchToRoute(Object(Illuminate\Http\Request))
#17 C:\Users\Nirmal Bandara\Downloads\slaravel-blog-system-master\vendor\laravel\framework\src\Illuminate\Foundation\Http\Kernel.php(176): Illuminate\Routing\Router->dispatch(Object(Illuminate\Http\Request))
#18 C:\Users\Nirmal Bandara\Downloads\slaravel-blog-system-master\vendor\laravel\framework\src\Illuminate\Routing\Pipeline.php(30): Illuminate\Foundation\Http\Kernel->Illuminate\Foundation\Http\{closure}(Object(Illuminate\Http\Request))
#19 C:\Users\Nirmal Bandara\Downloads\slaravel-blog-system-master\vendor\laravel\framework\src\Illuminate\Foundation\Http\Middleware\TransformsRequest.php(30): Illuminate\Routing\Pipeline->Illuminate\Routing\{closure}(Object(Illuminate\Http\Request))
#20 C:\Users\Nirmal Bandara\Downloads\slaravel-blog-system-master\vendor\laravel\framework\src\Illuminate\Pipeline\Pipeline.php(148): Illuminate\Foundation\Http\Middleware\TransformsRequest->handle(Object(Illuminate\Http\Request), Object(Closure))
#21 C:\Users\Nirmal Bandara\Downloads\slaravel-blog-system-master\vendor\laravel\framework\src\Illuminate\Routing\Pipeline.php(53): Illuminate\Pipeline\Pipeline->Illuminate\Pipeline\{closure}(Object(Illuminate\Http\Request))
#22 C:\Users\Nirmal Bandara\Downloads\slaravel-blog-system-master\vendor\laravel\framework\src\Illuminate\Foundation\Http\Middleware\TransformsRequest.php(30): Illuminate\Routing\Pipeline->Illuminate\Routing\{closure}(Object(Illuminate\Http\Request))
#23 C:\Users\Nirmal Bandara\Downloads\slaravel-blog-system-master\vendor\laravel\framework\src\Illuminate\Pipeline\Pipeline.php(148): Illuminate\Foundation\Http\Middleware\TransformsRequest->handle(Object(Illuminate\Http\Request), Object(Closure))
#24 C:\Users\Nirmal Bandara\Downloads\slaravel-blog-system-master\vendor\laravel\framework\src\Illuminate\Routing\Pipeline.php(53): Illuminate\Pipeline\Pipeline->Illuminate\Pipeline\{closure}(Object(Illuminate\Http\Request))
#25 C:\Users\Nirmal Bandara\Downloads\slaravel-blog-system-master\vendor\laravel\framework\src\Illuminate\Foundation\Http\Middleware\ValidatePostSize.php(27): Illuminate\Routing\Pipeline->Illuminate\Routing\{closure}(Object(Illuminate\Http\Request))
#26 C:\Users\Nirmal Bandara\Downloads\slaravel-blog-system-master\vendor\laravel\framework\src\Illuminate\Pipeline\Pipeline.php(148): Illuminate\Foundation\Http\Middleware\ValidatePostSize->handle(Object(Illuminate\Http\Request), Object(Closure))
#27 C:\Users\Nirmal Bandara\Downloads\slaravel-blog-system-master\vendor\laravel\framework\src\Illuminate\Routing\Pipeline.php(53): Illuminate\Pipeline\Pipeline->Illuminate\Pipeline\{closure}(Object(Illuminate\Http\Request))
#28 C:\Users\Nirmal Bandara\Downloads\slaravel-blog-system-master\vendor\laravel\framework\src\Illuminate\Foundation\Http\Middleware\CheckForMaintenanceMode.php(46): Illuminate\Routing\Pipeline->Illuminate\Routing\{closure}(Object(Illuminate\Http\Request))
#29 C:\Users\Nirmal Bandara\Downloads\slaravel-blog-system-master\vendor\laravel\framework\src\Illuminate\Pipeline\Pipeline.php(148): Illuminate\Foundation\Http\Middleware\CheckForMaintenanceMode->handle(Object(Illuminate\Http\Request), Object(Closure))
#30 C:\Users\Nirmal Bandara\Downloads\slaravel-blog-system-master\vendor\laravel\framework\src\Illuminate\Routing\Pipeline.php(53): Illuminate\Pipeline\Pipeline->Illuminate\Pipeline\{closure}(Object(Illuminate\Http\Request))
#31 C:\Users\Nirmal Bandara\Downloads\slaravel-blog-system-master\vendor\laravel\framework\src\Illuminate\Pipeline\Pipeline.php(102): Illuminate\Routing\Pipeline->Illuminate\Routing\{closure}(Object(Illuminate\Http\Request))
#32 C:\Users\Nirmal Bandara\Downloads\slaravel-blog-system-master\vendor\laravel\framework\src\Illuminate\Foundation\Http\Kernel.php(151): Illuminate\Pipeline\Pipeline->then(Object(Closure))
#33 C:\Users\Nirmal Bandara\Downloads\slaravel-blog-system-master\vendor\laravel\framework\src\Illuminate\Foundation\Http\Kernel.php(116): Illuminate\Foundation\Http\Kernel->sendRequestThroughRouter(Object(Illuminate\Http\Request))
#34 C:\Users\Nirmal Bandara\Downloads\slaravel-blog-system-master\public\index.php(53): Illuminate\Foundation\Http\Kernel->handle(Object(Illuminate\Http\Request))
#35 C:\Users\Nirmal Bandara\Downloads\slaravel-blog-system-master\server.php(21): require_once('C:\\Users\\Nirmal...')
#36 {main}  
[2021-10-01 17:57:48] production.ERROR: RuntimeException: The only supported ciphers are AES-128-CBC and AES-256-CBC with the correct key lengths. in C:\Users\Nirmal Bandara\Downloads\slaravel-blog-system-master\vendor\laravel\framework\src\Illuminate\Encryption\Encrypter.php:43
Stack trace:
#0 C:\Users\Nirmal Bandara\Downloads\slaravel-blog-system-master\vendor\laravel\framework\src\Illuminate\Encryption\EncryptionServiceProvider.php(27): Illuminate\Encryption\Encrypter->__construct('', 'AES-256-CBC')
#1 C:\Users\Nirmal Bandara\Downloads\slaravel-blog-system-master\vendor\laravel\framework\src\Illuminate\Container\Container.php(726): Illuminate\Encryption\EncryptionServiceProvider->Illuminate\Encryption\{closure}(Object(Illuminate\Foundation\Application), Array)
#2 C:\Users\Nirmal Bandara\Downloads\slaravel-blog-system-master\vendor\laravel\framework\src\Illuminate\Container\Container.php(608): Illuminate\Container\Container->build(Object(Closure))
#3 C:\Users\Nirmal Bandara\Downloads\slaravel-blog-system-master\vendor\laravel\framework\src\Illuminate\Container\Container.php(575): Illuminate\Container\Container->resolve('encrypter')
#4 C:\Users\Nirmal Bandara\Downloads\slaravel-blog-system-master\vendor\laravel\framework\src\Illuminate\Foundation\Application.php(728): Illuminate\Container\Container->make('encrypter')
#5 C:\Users\Nirmal Bandara\Downloads\slaravel-blog-system-master\vendor\laravel\framework\src\Illuminate\Container\Container.php(862): Illuminate\Foundation\Application->make('encrypter')
#6 C:\Users\Nirmal Bandara\Downloads\slaravel-blog-system-master\vendor\laravel\framework\src\Illuminate\Container\Container.php(790): Illuminate\Container\Container->resolveClass(Object(ReflectionParameter))
#7 C:\Users\Nirmal Bandara\Downloads\slaravel-blog-system-master\vendor\laravel\framework\src\Illuminate\Container\Container.php(757): Illuminate\Container\Container->resolveDependencies(Array)
#8 C:\Users\Nirmal Bandara\Downloads\slaravel-blog-system-master\vendor\laravel\framework\src\Illuminate\Container\Container.php(608): Illuminate\Container\Container->build('App\\Http\\Middle...')
#9 C:\Users\Nirmal Bandara\Downloads\slaravel-blog-system-master\vendor\laravel\framework\src\Illuminate\Container\Container.php(575): Illuminate\Container\Container->resolve('App\\Http\\Middle...')
#10 C:\Users\Nirmal Bandara\Downloads\slaravel-blog-system-master\vendor\laravel\framework\src\Illuminate\Foundation\Application.php(728): Illuminate\Container\Container->make('App\\Http\\Middle...')
#11 C:\Users\Nirmal Bandara\Downloads\slaravel-blog-system-master\vendor\laravel\framework\src\Illuminate\Foundation\Http\Kernel.php(215): Illuminate\Foundation\Application->make('App\\Http\\Middle...')
#12 C:\Users\Nirmal Bandara\Downloads\slaravel-blog-system-master\vendor\laravel\framework\src\Illuminate\Foundation\Http\Kernel.php(189): Illuminate\Foundation\Http\Kernel->terminateMiddleware(Object(Illuminate\Http\Request), Object(Illuminate\Http\Response))
#13 C:\Users\Nirmal Bandara\Downloads\slaravel-blog-system-master\public\index.php(58): Illuminate\Foundation\Http\Kernel->terminate(Object(Illuminate\Http\Request), Object(Illuminate\Http\Response))
#14 C:\Users\Nirmal Bandara\Downloads\slaravel-blog-system-master\server.php(21): require_once('C:\\Users\\Nirmal...')
#15 {main}  
[2021-10-01 17:58:03] production.ERROR: RuntimeException: The only supported ciphers are AES-128-CBC and AES-256-CBC with the correct key lengths. in C:\Users\Nirmal Bandara\Downloads\slaravel-blog-system-master\vendor\laravel\framework\src\Illuminate\Encryption\Encrypter.php:43
Stack trace:
#0 C:\Users\Nirmal Bandara\Downloads\slaravel-blog-system-master\vendor\laravel\framework\src\Illuminate\Encryption\EncryptionServiceProvider.php(27): Illuminate\Encryption\Encrypter->__construct('', 'AES-256-CBC')
#1 C:\Users\Nirmal Bandara\Downloads\slaravel-blog-system-master\vendor\laravel\framework\src\Illuminate\Container\Container.php(726): Illuminate\Encryption\EncryptionServiceProvider->Illuminate\Encryption\{closure}(Object(Illuminate\Foundation\Application), Array)
#2 C:\Users\Nirmal Bandara\Downloads\slaravel-blog-system-master\vendor\laravel\framework\src\Illuminate\Container\Container.php(608): Illuminate\Container\Container->build(Object(Closure))
#3 C:\Users\Nirmal Bandara\Downloads\slaravel-blog-system-master\vendor\laravel\framework\src\Illuminate\Container\Container.php(575): Illuminate\Container\Container->resolve('encrypter')
#4 C:\Users\Nirmal Bandara\Downloads\slaravel-blog-system-master\vendor\laravel\framework\src\Illuminate\Foundation\Application.php(728): Illuminate\Container\Container->make('encrypter')
#5 C:\Users\Nirmal Bandara\Downloads\slaravel-blog-system-master\vendor\laravel\framework\src\Illuminate\Container\Container.php(862): Illuminate\Foundation\Application->make('encrypter')
#6 C:\Users\Nirmal Bandara\Downloads\slaravel-blog-system-master\vendor\laravel\framework\src\Illuminate\Container\Container.php(790): Illuminate\Container\Container->resolveClass(Object(ReflectionParameter))
#7 C:\Users\Nirmal Bandara\Downloads\slaravel-blog-system-master\vendor\laravel\framework\src\Illuminate\Container\Container.php(757): Illuminate\Container\Container->resolveDependencies(Array)
#8 C:\Users\Nirmal Bandara\Downloads\slaravel-blog-system-master\vendor\laravel\framework\src\Illuminate\Container\Container.php(608): Illuminate\Container\Container->build('App\\Http\\Middle...')
#9 C:\Users\Nirmal Bandara\Downloads\slaravel-blog-system-master\vendor\laravel\framework\src\Illuminate\Container\Container.php(575): Illuminate\Container\Container->resolve('App\\Http\\Middle...')
#10 C:\Users\Nirmal Bandara\Downloads\slaravel-blog-system-master\vendor\laravel\framework\src\Illuminate\Foundation\Application.php(728): Illuminate\Container\Container->make('App\\Http\\Middle...')
#11 C:\Users\Nirmal Bandara\Downloads\slaravel-blog-system-master\vendor\laravel\framework\src\Illuminate\Pipeline\Pipeline.php(138): Illuminate\Foundation\Application->make('App\\Http\\Middle...')
#12 C:\Users\Nirmal Bandara\Downloads\slaravel-blog-system-master\vendor\laravel\framework\src\Illuminate\Routing\Pipeline.php(53): Illuminate\Pipeline\Pipeline->Illuminate\Pipeline\{closure}(Object(Illuminate\Http\Request))
#13 C:\Users\Nirmal Bandara\Downloads\slaravel-blog-system-master\vendor\laravel\framework\src\Illuminate\Pipeline\Pipeline.php(102): Illuminate\Routing\Pipeline->Illuminate\Routing\{closure}(Object(Illuminate\Http\Request))
#14 C:\Users\Nirmal Bandara\Downloads\slaravel-blog-system-master\vendor\laravel\framework\src\Illuminate\Routing\Router.php(574): Illuminate\Pipeline\Pipeline->then(Object(Closure))
#15 C:\Users\Nirmal Bandara\Downloads\slaravel-blog-system-master\vendor\laravel\framework\src\Illuminate\Routing\Router.php(533): Illuminate\Routing\Router->runRouteWithinStack(Object(Illuminate\Routing\Route), Object(Illuminate\Http\Request))
#16 C:\Users\Nirmal Bandara\Downloads\slaravel-blog-system-master\vendor\laravel\framework\src\Illuminate\Routing\Router.php(511): Illuminate\Routing\Router->dispatchToRoute(Object(Illuminate\Http\Request))
#17 C:\Users\Nirmal Bandara\Downloads\slaravel-blog-system-master\vendor\laravel\framework\src\Illuminate\Foundation\Http\Kernel.php(176): Illuminate\Routing\Router->dispatch(Object(Illuminate\Http\Request))
#18 C:\Users\Nirmal Bandara\Downloads\slaravel-blog-system-master\vendor\laravel\framework\src\Illuminate\Routing\Pipeline.php(30): Illuminate\Foundation\Http\Kernel->Illuminate\Foundation\Http\{closure}(Object(Illuminate\Http\Request))
#19 C:\Users\Nirmal Bandara\Downloads\slaravel-blog-system-master\vendor\laravel\framework\src\Illuminate\Foundation\Http\Middleware\TransformsRequest.php(30): Illuminate\Routing\Pipeline->Illuminate\Routing\{closure}(Object(Illuminate\Http\Request))
#20 C:\Users\Nirmal Bandara\Downloads\slaravel-blog-system-master\vendor\laravel\framework\src\Illuminate\Pipeline\Pipeline.php(148): Illuminate\Foundation\Http\Middleware\TransformsRequest->handle(Object(Illuminate\Http\Request), Object(Closure))
#21 C:\Users\Nirmal Bandara\Downloads\slaravel-blog-system-master\vendor\laravel\framework\src\Illuminate\Routing\Pipeline.php(53): Illuminate\Pipeline\Pipeline->Illuminate\Pipeline\{closure}(Object(Illuminate\Http\Request))
#22 C:\Users\Nirmal Bandara\Downloads\slaravel-blog-system-master\vendor\laravel\framework\src\Illuminate\Foundation\Http\Middleware\TransformsRequest.php(30): Illuminate\Routing\Pipeline->Illuminate\Routing\{closure}(Object(Illuminate\Http\Request))
#23 C:\Users\Nirmal Bandara\Downloads\slaravel-blog-system-master\vendor\laravel\framework\src\Illuminate\Pipeline\Pipeline.php(148): Illuminate\Foundation\Http\Middleware\TransformsRequest->handle(Object(Illuminate\Http\Request), Object(Closure))
#24 C:\Users\Nirmal Bandara\Downloads\slaravel-blog-system-master\vendor\laravel\framework\src\Illuminate\Routing\Pipeline.php(53): Illuminate\Pipeline\Pipeline->Illuminate\Pipeline\{closure}(Object(Illuminate\Http\Request))
#25 C:\Users\Nirmal Bandara\Downloads\slaravel-blog-system-master\vendor\laravel\framework\src\Illuminate\Foundation\Http\Middleware\ValidatePostSize.php(27): Illuminate\Routing\Pipeline->Illuminate\Routing\{closure}(Object(Illuminate\Http\Request))
#26 C:\Users\Nirmal Bandara\Downloads\slaravel-blog-system-master\vendor\laravel\framework\src\Illuminate\Pipeline\Pipeline.php(148): Illuminate\Foundation\Http\Middleware\ValidatePostSize->handle(Object(Illuminate\Http\Request), Object(Closure))
#27 C:\Users\Nirmal Bandara\Downloads\slaravel-blog-system-master\vendor\laravel\framework\src\Illuminate\Routing\Pipeline.php(53): Illuminate\Pipeline\Pipeline->Illuminate\Pipeline\{closure}(Object(Illuminate\Http\Request))
#28 C:\Users\Nirmal Bandara\Downloads\slaravel-blog-system-master\vendor\laravel\framework\src\Illuminate\Foundation\Http\Middleware\CheckForMaintenanceMode.php(46): Illuminate\Routing\Pipeline->Illuminate\Routing\{closure}(Object(Illuminate\Http\Request))
#29 C:\Users\Nirmal Bandara\Downloads\slaravel-blog-system-master\vendor\laravel\framework\src\Illuminate\Pipeline\Pipeline.php(148): Illuminate\Foundation\Http\Middleware\CheckForMaintenanceMode->handle(Object(Illuminate\Http\Request), Object(Closure))
#30 C:\Users\Nirmal Bandara\Downloads\slaravel-blog-system-master\vendor\laravel\framework\src\Illuminate\Routing\Pipeline.php(53): Illuminate\Pipeline\Pipeline->Illuminate\Pipeline\{closure}(Object(Illuminate\Http\Request))
#31 C:\Users\Nirmal Bandara\Downloads\slaravel-blog-system-master\vendor\laravel\framework\src\Illuminate\Pipeline\Pipeline.php(102): Illuminate\Routing\Pipeline->Illuminate\Routing\{closure}(Object(Illuminate\Http\Request))
#32 C:\Users\Nirmal Bandara\Downloads\slaravel-blog-system-master\vendor\laravel\framework\src\Illuminate\Foundation\Http\Kernel.php(151): Illuminate\Pipeline\Pipeline->then(Object(Closure))
#33 C:\Users\Nirmal Bandara\Downloads\slaravel-blog-system-master\vendor\laravel\framework\src\Illuminate\Foundation\Http\Kernel.php(116): Illuminate\Foundation\Http\Kernel->sendRequestThroughRouter(Object(Illuminate\Http\Request))
#34 C:\Users\Nirmal Bandara\Downloads\slaravel-blog-system-master\public\index.php(53): Illuminate\Foundation\Http\Kernel->handle(Object(Illuminate\Http\Request))
#35 C:\Users\Nirmal Bandara\Downloads\slaravel-blog-system-master\server.php(21): require_once('C:\\Users\\Nirmal...')
#36 {main}  
[2021-10-01 17:58:03] production.ERROR: RuntimeException: The only supported ciphers are AES-128-CBC and AES-256-CBC with the correct key lengths. in C:\Users\Nirmal Bandara\Downloads\slaravel-blog-system-master\vendor\laravel\framework\src\Illuminate\Encryption\Encrypter.php:43
Stack trace:
#0 C:\Users\Nirmal Bandara\Downloads\slaravel-blog-system-master\vendor\laravel\framework\src\Illuminate\Encryption\EncryptionServiceProvider.php(27): Illuminate\Encryption\Encrypter->__construct('', 'AES-256-CBC')
#1 C:\Users\Nirmal Bandara\Downloads\slaravel-blog-system-master\vendor\laravel\framework\src\Illuminate\Container\Container.php(726): Illuminate\Encryption\EncryptionServiceProvider->Illuminate\Encryption\{closure}(Object(Illuminate\Foundation\Application), Array)
#2 C:\Users\Nirmal Bandara\Downloads\slaravel-blog-system-master\vendor\laravel\framework\src\Illuminate\Container\Container.php(608): Illuminate\Container\Container->build(Object(Closure))
#3 C:\Users\Nirmal Bandara\Downloads\slaravel-blog-system-master\vendor\laravel\framework\src\Illuminate\Container\Container.php(575): Illuminate\Container\Container->resolve('encrypter')
#4 C:\Users\Nirmal Bandara\Downloads\slaravel-blog-system-master\vendor\laravel\framework\src\Illuminate\Foundation\Application.php(728): Illuminate\Container\Container->make('encrypter')
#5 C:\Users\Nirmal Bandara\Downloads\slaravel-blog-system-master\vendor\laravel\framework\src\Illuminate\Container\Container.php(862): Illuminate\Foundation\Application->make('encrypter')
#6 C:\Users\Nirmal Bandara\Downloads\slaravel-blog-system-master\vendor\laravel\framework\src\Illuminate\Container\Container.php(790): Illuminate\Container\Container->resolveClass(Object(ReflectionParameter))
#7 C:\Users\Nirmal Bandara\Downloads\slaravel-blog-system-master\vendor\laravel\framework\src\Illuminate\Container\Container.php(757): Illuminate\Container\Container->resolveDependencies(Array)
#8 C:\Users\Nirmal Bandara\Downloads\slaravel-blog-system-master\vendor\laravel\framework\src\Illuminate\Container\Container.php(608): Illuminate\Container\Container->build('App\\Http\\Middle...')
#9 C:\Users\Nirmal Bandara\Downloads\slaravel-blog-system-master\vendor\laravel\framework\src\Illuminate\Container\Container.php(575): Illuminate\Container\Container->resolve('App\\Http\\Middle...')
#10 C:\Users\Nirmal Bandara\Downloads\slaravel-blog-system-master\vendor\laravel\framework\src\Illuminate\Foundation\Application.php(728): Illuminate\Container\Container->make('App\\Http\\Middle...')
#11 C:\Users\Nirmal Bandara\Downloads\slaravel-blog-system-master\vendor\laravel\framework\src\Illuminate\Foundation\Http\Kernel.php(215): Illuminate\Foundation\Application->make('App\\Http\\Middle...')
#12 C:\Users\Nirmal Bandara\Downloads\slaravel-blog-system-master\vendor\laravel\framework\src\Illuminate\Foundation\Http\Kernel.php(189): Illuminate\Foundation\Http\Kernel->terminateMiddleware(Object(Illuminate\Http\Request), Object(Illuminate\Http\Response))
#13 C:\Users\Nirmal Bandara\Downloads\slaravel-blog-system-master\public\index.php(58): Illuminate\Foundation\Http\Kernel->terminate(Object(Illuminate\Http\Request), Object(Illuminate\Http\Response))
#14 C:\Users\Nirmal Bandara\Downloads\slaravel-blog-system-master\server.php(21): require_once('C:\\Users\\Nirmal...')
#15 {main}  
[2021-10-01 17:58:11] production.ERROR: RuntimeException: The only supported ciphers are AES-128-CBC and AES-256-CBC with the correct key lengths. in C:\Users\Nirmal Bandara\Downloads\slaravel-blog-system-master\vendor\laravel\framework\src\Illuminate\Encryption\Encrypter.php:43
Stack trace:
#0 C:\Users\Nirmal Bandara\Downloads\slaravel-blog-system-master\vendor\laravel\framework\src\Illuminate\Encryption\EncryptionServiceProvider.php(27): Illuminate\Encryption\Encrypter->__construct('', 'AES-256-CBC')
#1 C:\Users\Nirmal Bandara\Downloads\slaravel-blog-system-master\vendor\laravel\framework\src\Illuminate\Container\Container.php(726): Illuminate\Encryption\EncryptionServiceProvider->Illuminate\Encryption\{closure}(Object(Illuminate\Foundation\Application), Array)
#2 C:\Users\Nirmal Bandara\Downloads\slaravel-blog-system-master\vendor\laravel\framework\src\Illuminate\Container\Container.php(608): Illuminate\Container\Container->build(Object(Closure))
#3 C:\Users\Nirmal Bandara\Downloads\slaravel-blog-system-master\vendor\laravel\framework\src\Illuminate\Container\Container.php(575): Illuminate\Container\Container->resolve('encrypter')
#4 C:\Users\Nirmal Bandara\Downloads\slaravel-blog-system-master\vendor\laravel\framework\src\Illuminate\Foundation\Application.php(728): Illuminate\Container\Container->make('encrypter')
#5 C:\Users\Nirmal Bandara\Downloads\slaravel-blog-system-master\vendor\laravel\framework\src\Illuminate\Container\Container.php(862): Illuminate\Foundation\Application->make('encrypter')
#6 C:\Users\Nirmal Bandara\Downloads\slaravel-blog-system-master\vendor\laravel\framework\src\Illuminate\Container\Container.php(790): Illuminate\Container\Container->resolveClass(Object(ReflectionParameter))
#7 C:\Users\Nirmal Bandara\Downloads\slaravel-blog-system-master\vendor\laravel\framework\src\Illuminate\Container\Container.php(757): Illuminate\Container\Container->resolveDependencies(Array)
#8 C:\Users\Nirmal Bandara\Downloads\slaravel-blog-system-master\vendor\laravel\framework\src\Illuminate\Container\Container.php(608): Illuminate\Container\Container->build('App\\Http\\Middle...')
#9 C:\Users\Nirmal Bandara\Downloads\slaravel-blog-system-master\vendor\laravel\framework\src\Illuminate\Container\Container.php(575): Illuminate\Container\Container->resolve('App\\Http\\Middle...')
#10 C:\Users\Nirmal Bandara\Downloads\slaravel-blog-system-master\vendor\laravel\framework\src\Illuminate\Foundation\Application.php(728): Illuminate\Container\Container->make('App\\Http\\Middle...')
#11 C:\Users\Nirmal Bandara\Downloads\slaravel-blog-system-master\vendor\laravel\framework\src\Illuminate\Pipeline\Pipeline.php(138): Illuminate\Foundation\Application->make('App\\Http\\Middle...')
#12 C:\Users\Nirmal Bandara\Downloads\slaravel-blog-system-master\vendor\laravel\framework\src\Illuminate\Routing\Pipeline.php(53): Illuminate\Pipeline\Pipeline->Illuminate\Pipeline\{closure}(Object(Illuminate\Http\Request))
#13 C:\Users\Nirmal Bandara\Downloads\slaravel-blog-system-master\vendor\laravel\framework\src\Illuminate\Pipeline\Pipeline.php(102): Illuminate\Routing\Pipeline->Illuminate\Routing\{closure}(Object(Illuminate\Http\Request))
#14 C:\Users\Nirmal Bandara\Downloads\slaravel-blog-system-master\vendor\laravel\framework\src\Illuminate\Routing\Router.php(574): Illuminate\Pipeline\Pipeline->then(Object(Closure))
#15 C:\Users\Nirmal Bandara\Downloads\slaravel-blog-system-master\vendor\laravel\framework\src\Illuminate\Routing\Router.php(533): Illuminate\Routing\Router->runRouteWithinStack(Object(Illuminate\Routing\Route), Object(Illuminate\Http\Request))
#16 C:\Users\Nirmal Bandara\Downloads\slaravel-blog-system-master\vendor\laravel\framework\src\Illuminate\Routing\Router.php(511): Illuminate\Routing\Router->dispatchToRoute(Object(Illuminate\Http\Request))
#17 C:\Users\Nirmal Bandara\Downloads\slaravel-blog-system-master\vendor\laravel\framework\src\Illuminate\Foundation\Http\Kernel.php(176): Illuminate\Routing\Router->dispatch(Object(Illuminate\Http\Request))
#18 C:\Users\Nirmal Bandara\Downloads\slaravel-blog-system-master\vendor\laravel\framework\src\Illuminate\Routing\Pipeline.php(30): Illuminate\Foundation\Http\Kernel->Illuminate\Foundation\Http\{closure}(Object(Illuminate\Http\Request))
#19 C:\Users\Nirmal Bandara\Downloads\slaravel-blog-system-master\vendor\laravel\framework\src\Illuminate\Foundation\Http\Middleware\TransformsRequest.php(30): Illuminate\Routing\Pipeline->Illuminate\Routing\{closure}(Object(Illuminate\Http\Request))
#20 C:\Users\Nirmal Bandara\Downloads\slaravel-blog-system-master\vendor\laravel\framework\src\Illuminate\Pipeline\Pipeline.php(148): Illuminate\Foundation\Http\Middleware\TransformsRequest->handle(Object(Illuminate\Http\Request), Object(Closure))
#21 C:\Users\Nirmal Bandara\Downloads\slaravel-blog-system-master\vendor\laravel\framework\src\Illuminate\Routing\Pipeline.php(53): Illuminate\Pipeline\Pipeline->Illuminate\Pipeline\{closure}(Object(Illuminate\Http\Request))
#22 C:\Users\Nirmal Bandara\Downloads\slaravel-blog-system-master\vendor\laravel\framework\src\Illuminate\Foundation\Http\Middleware\TransformsRequest.php(30): Illuminate\Routing\Pipeline->Illuminate\Routing\{closure}(Object(Illuminate\Http\Request))
#23 C:\Users\Nirmal Bandara\Downloads\slaravel-blog-system-master\vendor\laravel\framework\src\Illuminate\Pipeline\Pipeline.php(148): Illuminate\Foundation\Http\Middleware\TransformsRequest->handle(Object(Illuminate\Http\Request), Object(Closure))
#24 C:\Users\Nirmal Bandara\Downloads\slaravel-blog-system-master\vendor\laravel\framework\src\Illuminate\Routing\Pipeline.php(53): Illuminate\Pipeline\Pipeline->Illuminate\Pipeline\{closure}(Object(Illuminate\Http\Request))
#25 C:\Users\Nirmal Bandara\Downloads\slaravel-blog-system-master\vendor\laravel\framework\src\Illuminate\Foundation\Http\Middleware\ValidatePostSize.php(27): Illuminate\Routing\Pipeline->Illuminate\Routing\{closure}(Object(Illuminate\Http\Request))
#26 C:\Users\Nirmal Bandara\Downloads\slaravel-blog-system-master\vendor\laravel\framework\src\Illuminate\Pipeline\Pipeline.php(148): Illuminate\Foundation\Http\Middleware\ValidatePostSize->handle(Object(Illuminate\Http\Request), Object(Closure))
#27 C:\Users\Nirmal Bandara\Downloads\slaravel-blog-system-master\vendor\laravel\framework\src\Illuminate\Routing\Pipeline.php(53): Illuminate\Pipeline\Pipeline->Illuminate\Pipeline\{closure}(Object(Illuminate\Http\Request))
#28 C:\Users\Nirmal Bandara\Downloads\slaravel-blog-system-master\vendor\laravel\framework\src\Illuminate\Foundation\Http\Middleware\CheckForMaintenanceMode.php(46): Illuminate\Routing\Pipeline->Illuminate\Routing\{closure}(Object(Illuminate\Http\Request))
#29 C:\Users\Nirmal Bandara\Downloads\slaravel-blog-system-master\vendor\laravel\framework\src\Illuminate\Pipeline\Pipeline.php(148): Illuminate\Foundation\Http\Middleware\CheckForMaintenanceMode->handle(Object(Illuminate\Http\Request), Object(Closure))
#30 C:\Users\Nirmal Bandara\Downloads\slaravel-blog-system-master\vendor\laravel\framework\src\Illuminate\Routing\Pipeline.php(53): Illuminate\Pipeline\Pipeline->Illuminate\Pipeline\{closure}(Object(Illuminate\Http\Request))
#31 C:\Users\Nirmal Bandara\Downloads\slaravel-blog-system-master\vendor\laravel\framework\src\Illuminate\Pipeline\Pipeline.php(102): Illuminate\Routing\Pipeline->Illuminate\Routing\{closure}(Object(Illuminate\Http\Request))
#32 C:\Users\Nirmal Bandara\Downloads\slaravel-blog-system-master\vendor\laravel\framework\src\Illuminate\Foundation\Http\Kernel.php(151): Illuminate\Pipeline\Pipeline->then(Object(Closure))
#33 C:\Users\Nirmal Bandara\Downloads\slaravel-blog-system-master\vendor\laravel\framework\src\Illuminate\Foundation\Http\Kernel.php(116): Illuminate\Foundation\Http\Kernel->sendRequestThroughRouter(Object(Illuminate\Http\Request))
#34 C:\Users\Nirmal Bandara\Downloads\slaravel-blog-system-master\public\index.php(53): Illuminate\Foundation\Http\Kernel->handle(Object(Illuminate\Http\Request))
#35 C:\Users\Nirmal Bandara\Downloads\slaravel-blog-system-master\server.php(21): require_once('C:\\Users\\Nirmal...')
#36 {main}  
[2021-10-01 17:58:11] production.ERROR: RuntimeException: The only supported ciphers are AES-128-CBC and AES-256-CBC with the correct key lengths. in C:\Users\Nirmal Bandara\Downloads\slaravel-blog-system-master\vendor\laravel\framework\src\Illuminate\Encryption\Encrypter.php:43
Stack trace:
#0 C:\Users\Nirmal Bandara\Downloads\slaravel-blog-system-master\vendor\laravel\framework\src\Illuminate\Encryption\EncryptionServiceProvider.php(27): Illuminate\Encryption\Encrypter->__construct('', 'AES-256-CBC')
#1 C:\Users\Nirmal Bandara\Downloads\slaravel-blog-system-master\vendor\laravel\framework\src\Illuminate\Container\Container.php(726): Illuminate\Encryption\EncryptionServiceProvider->Illuminate\Encryption\{closure}(Object(Illuminate\Foundation\Application), Array)
#2 C:\Users\Nirmal Bandara\Downloads\slaravel-blog-system-master\vendor\laravel\framework\src\Illuminate\Container\Container.php(608): Illuminate\Container\Container->build(Object(Closure))
#3 C:\Users\Nirmal Bandara\Downloads\slaravel-blog-system-master\vendor\laravel\framework\src\Illuminate\Container\Container.php(575): Illuminate\Container\Container->resolve('encrypter')
#4 C:\Users\Nirmal Bandara\Downloads\slaravel-blog-system-master\vendor\laravel\framework\src\Illuminate\Foundation\Application.php(728): Illuminate\Container\Container->make('encrypter')
#5 C:\Users\Nirmal Bandara\Downloads\slaravel-blog-system-master\vendor\laravel\framework\src\Illuminate\Container\Container.php(862): Illuminate\Foundation\Application->make('encrypter')
#6 C:\Users\Nirmal Bandara\Downloads\slaravel-blog-system-master\vendor\laravel\framework\src\Illuminate\Container\Container.php(790): Illuminate\Container\Container->resolveClass(Object(ReflectionParameter))
#7 C:\Users\Nirmal Bandara\Downloads\slaravel-blog-system-master\vendor\laravel\framework\src\Illuminate\Container\Container.php(757): Illuminate\Container\Container->resolveDependencies(Array)
#8 C:\Users\Nirmal Bandara\Downloads\slaravel-blog-system-master\vendor\laravel\framework\src\Illuminate\Container\Container.php(608): Illuminate\Container\Container->build('App\\Http\\Middle...')
#9 C:\Users\Nirmal Bandara\Downloads\slaravel-blog-system-master\vendor\laravel\framework\src\Illuminate\Container\Container.php(575): Illuminate\Container\Container->resolve('App\\Http\\Middle...')
#10 C:\Users\Nirmal Bandara\Downloads\slaravel-blog-system-master\vendor\laravel\framework\src\Illuminate\Foundation\Application.php(728): Illuminate\Container\Container->make('App\\Http\\Middle...')
#11 C:\Users\Nirmal Bandara\Downloads\slaravel-blog-system-master\vendor\laravel\framework\src\Illuminate\Foundation\Http\Kernel.php(215): Illuminate\Foundation\Application->make('App\\Http\\Middle...')
#12 C:\Users\Nirmal Bandara\Downloads\slaravel-blog-system-master\vendor\laravel\framework\src\Illuminate\Foundation\Http\Kernel.php(189): Illuminate\Foundation\Http\Kernel->terminateMiddleware(Object(Illuminate\Http\Request), Object(Illuminate\Http\Response))
#13 C:\Users\Nirmal Bandara\Downloads\slaravel-blog-system-master\public\index.php(58): Illuminate\Foundation\Http\Kernel->terminate(Object(Illuminate\Http\Request), Object(Illuminate\Http\Response))
#14 C:\Users\Nirmal Bandara\Downloads\slaravel-blog-system-master\server.php(21): require_once('C:\\Users\\Nirmal...')
#15 {main}  
[2021-10-01 18:00:38] local.ERROR: RuntimeException: The only supported ciphers are AES-128-CBC and AES-256-CBC with the correct key lengths. in C:\Users\Nirmal Bandara\Downloads\slaravel-blog-system-master\vendor\laravel\framework\src\Illuminate\Encryption\Encrypter.php:43
Stack trace:
#0 C:\Users\Nirmal Bandara\Downloads\slaravel-blog-system-master\vendor\laravel\framework\src\Illuminate\Encryption\EncryptionServiceProvider.php(27): Illuminate\Encryption\Encrypter->__construct('', 'AES-256-CBC')
#1 C:\Users\Nirmal Bandara\Downloads\slaravel-blog-system-master\vendor\laravel\framework\src\Illuminate\Container\Container.php(726): Illuminate\Encryption\EncryptionServiceProvider->Illuminate\Encryption\{closure}(Object(Illuminate\Foundation\Application), Array)
#2 C:\Users\Nirmal Bandara\Downloads\slaravel-blog-system-master\vendor\laravel\framework\src\Illuminate\Container\Container.php(608): Illuminate\Container\Container->build(Object(Closure))
#3 C:\Users\Nirmal Bandara\Downloads\slaravel-blog-system-master\vendor\laravel\framework\src\Illuminate\Container\Container.php(575): Illuminate\Container\Container->resolve('encrypter')
#4 C:\Users\Nirmal Bandara\Downloads\slaravel-blog-system-master\vendor\laravel\framework\src\Illuminate\Foundation\Application.php(728): Illuminate\Container\Container->make('encrypter')
#5 C:\Users\Nirmal Bandara\Downloads\slaravel-blog-system-master\vendor\laravel\framework\src\Illuminate\Container\Container.php(862): Illuminate\Foundation\Application->make('encrypter')
#6 C:\Users\Nirmal Bandara\Downloads\slaravel-blog-system-master\vendor\laravel\framework\src\Illuminate\Container\Container.php(790): Illuminate\Container\Container->resolveClass(Object(ReflectionParameter))
#7 C:\Users\Nirmal Bandara\Downloads\slaravel-blog-system-master\vendor\laravel\framework\src\Illuminate\Container\Container.php(757): Illuminate\Container\Container->resolveDependencies(Array)
#8 C:\Users\Nirmal Bandara\Downloads\slaravel-blog-system-master\vendor\laravel\framework\src\Illuminate\Container\Container.php(608): Illuminate\Container\Container->build('App\\Http\\Middle...')
#9 C:\Users\Nirmal Bandara\Downloads\slaravel-blog-system-master\vendor\laravel\framework\src\Illuminate\Container\Container.php(575): Illuminate\Container\Container->resolve('App\\Http\\Middle...')
#10 C:\Users\Nirmal Bandara\Downloads\slaravel-blog-system-master\vendor\laravel\framework\src\Illuminate\Foundation\Application.php(728): Illuminate\Container\Container->make('App\\Http\\Middle...')
#11 C:\Users\Nirmal Bandara\Downloads\slaravel-blog-system-master\vendor\laravel\framework\src\Illuminate\Pipeline\Pipeline.php(138): Illuminate\Foundation\Application->make('App\\Http\\Middle...')
#12 C:\Users\Nirmal Bandara\Downloads\slaravel-blog-system-master\vendor\laravel\framework\src\Illuminate\Routing\Pipeline.php(53): Illuminate\Pipeline\Pipeline->Illuminate\Pipeline\{closure}(Object(Illuminate\Http\Request))
#13 C:\Users\Nirmal Bandara\Downloads\slaravel-blog-system-master\vendor\laravel\framework\src\Illuminate\Pipeline\Pipeline.php(102): Illuminate\Routing\Pipeline->Illuminate\Routing\{closure}(Object(Illuminate\Http\Request))
#14 C:\Users\Nirmal Bandara\Downloads\slaravel-blog-system-master\vendor\laravel\framework\src\Illuminate\Routing\Router.php(574): Illuminate\Pipeline\Pipeline->then(Object(Closure))
#15 C:\Users\Nirmal Bandara\Downloads\slaravel-blog-system-master\vendor\laravel\framework\src\Illuminate\Routing\Router.php(533): Illuminate\Routing\Router->runRouteWithinStack(Object(Illuminate\Routing\Route), Object(Illuminate\Http\Request))
#16 C:\Users\Nirmal Bandara\Downloads\slaravel-blog-system-master\vendor\laravel\framework\src\Illuminate\Routing\Router.php(511): Illuminate\Routing\Router->dispatchToRoute(Object(Illuminate\Http\Request))
#17 C:\Users\Nirmal Bandara\Downloads\slaravel-blog-system-master\vendor\laravel\framework\src\Illuminate\Foundation\Http\Kernel.php(176): Illuminate\Routing\Router->dispatch(Object(Illuminate\Http\Request))
#18 C:\Users\Nirmal Bandara\Downloads\slaravel-blog-system-master\vendor\laravel\framework\src\Illuminate\Routing\Pipeline.php(30): Illuminate\Foundation\Http\Kernel->Illuminate\Foundation\Http\{closure}(Object(Illuminate\Http\Request))
#19 C:\Users\Nirmal Bandara\Downloads\slaravel-blog-system-master\vendor\laravel\framework\src\Illuminate\Foundation\Http\Middleware\TransformsRequest.php(30): Illuminate\Routing\Pipeline->Illuminate\Routing\{closure}(Object(Illuminate\Http\Request))
#20 C:\Users\Nirmal Bandara\Downloads\slaravel-blog-system-master\vendor\laravel\framework\src\Illuminate\Pipeline\Pipeline.php(148): Illuminate\Foundation\Http\Middleware\TransformsRequest->handle(Object(Illuminate\Http\Request), Object(Closure))
#21 C:\Users\Nirmal Bandara\Downloads\slaravel-blog-system-master\vendor\laravel\framework\src\Illuminate\Routing\Pipeline.php(53): Illuminate\Pipeline\Pipeline->Illuminate\Pipeline\{closure}(Object(Illuminate\Http\Request))
#22 C:\Users\Nirmal Bandara\Downloads\slaravel-blog-system-master\vendor\laravel\framework\src\Illuminate\Foundation\Http\Middleware\TransformsRequest.php(30): Illuminate\Routing\Pipeline->Illuminate\Routing\{closure}(Object(Illuminate\Http\Request))
#23 C:\Users\Nirmal Bandara\Downloads\slaravel-blog-system-master\vendor\laravel\framework\src\Illuminate\Pipeline\Pipeline.php(148): Illuminate\Foundation\Http\Middleware\TransformsRequest->handle(Object(Illuminate\Http\Request), Object(Closure))
#24 C:\Users\Nirmal Bandara\Downloads\slaravel-blog-system-master\vendor\laravel\framework\src\Illuminate\Routing\Pipeline.php(53): Illuminate\Pipeline\Pipeline->Illuminate\Pipeline\{closure}(Object(Illuminate\Http\Request))
#25 C:\Users\Nirmal Bandara\Downloads\slaravel-blog-system-master\vendor\laravel\framework\src\Illuminate\Foundation\Http\Middleware\ValidatePostSize.php(27): Illuminate\Routing\Pipeline->Illuminate\Routing\{closure}(Object(Illuminate\Http\Request))
#26 C:\Users\Nirmal Bandara\Downloads\slaravel-blog-system-master\vendor\laravel\framework\src\Illuminate\Pipeline\Pipeline.php(148): Illuminate\Foundation\Http\Middleware\ValidatePostSize->handle(Object(Illuminate\Http\Request), Object(Closure))
#27 C:\Users\Nirmal Bandara\Downloads\slaravel-blog-system-master\vendor\laravel\framework\src\Illuminate\Routing\Pipeline.php(53): Illuminate\Pipeline\Pipeline->Illuminate\Pipeline\{closure}(Object(Illuminate\Http\Request))
#28 C:\Users\Nirmal Bandara\Downloads\slaravel-blog-system-master\vendor\laravel\framework\src\Illuminate\Foundation\Http\Middleware\CheckForMaintenanceMode.php(46): Illuminate\Routing\Pipeline->Illuminate\Routing\{closure}(Object(Illuminate\Http\Request))
#29 C:\Users\Nirmal Bandara\Downloads\slaravel-blog-system-master\vendor\laravel\framework\src\Illuminate\Pipeline\Pipeline.php(148): Illuminate\Foundation\Http\Middleware\CheckForMaintenanceMode->handle(Object(Illuminate\Http\Request), Object(Closure))
#30 C:\Users\Nirmal Bandara\Downloads\slaravel-blog-system-master\vendor\laravel\framework\src\Illuminate\Routing\Pipeline.php(53): Illuminate\Pipeline\Pipeline->Illuminate\Pipeline\{closure}(Object(Illuminate\Http\Request))
#31 C:\Users\Nirmal Bandara\Downloads\slaravel-blog-system-master\vendor\laravel\framework\src\Illuminate\Pipeline\Pipeline.php(102): Illuminate\Routing\Pipeline->Illuminate\Routing\{closure}(Object(Illuminate\Http\Request))
#32 C:\Users\Nirmal Bandara\Downloads\slaravel-blog-system-master\vendor\laravel\framework\src\Illuminate\Foundation\Http\Kernel.php(151): Illuminate\Pipeline\Pipeline->then(Object(Closure))
#33 C:\Users\Nirmal Bandara\Downloads\slaravel-blog-system-master\vendor\laravel\framework\src\Illuminate\Foundation\Http\Kernel.php(116): Illuminate\Foundation\Http\Kernel->sendRequestThroughRouter(Object(Illuminate\Http\Request))
#34 C:\Users\Nirmal Bandara\Downloads\slaravel-blog-system-master\public\index.php(53): Illuminate\Foundation\Http\Kernel->handle(Object(Illuminate\Http\Request))
#35 C:\Users\Nirmal Bandara\Downloads\slaravel-blog-system-master\server.php(21): require_once('C:\\Users\\Nirmal...')
#36 {main}  
[2021-10-01 18:00:38] local.ERROR: RuntimeException: The only supported ciphers are AES-128-CBC and AES-256-CBC with the correct key lengths. in C:\Users\Nirmal Bandara\Downloads\slaravel-blog-system-master\vendor\laravel\framework\src\Illuminate\Encryption\Encrypter.php:43
Stack trace:
#0 C:\Users\Nirmal Bandara\Downloads\slaravel-blog-system-master\vendor\laravel\framework\src\Illuminate\Encryption\EncryptionServiceProvider.php(27): Illuminate\Encryption\Encrypter->__construct('', 'AES-256-CBC')
#1 C:\Users\Nirmal Bandara\Downloads\slaravel-blog-system-master\vendor\laravel\framework\src\Illuminate\Container\Container.php(726): Illuminate\Encryption\EncryptionServiceProvider->Illuminate\Encryption\{closure}(Object(Illuminate\Foundation\Application), Array)
#2 C:\Users\Nirmal Bandara\Downloads\slaravel-blog-system-master\vendor\laravel\framework\src\Illuminate\Container\Container.php(608): Illuminate\Container\Container->build(Object(Closure))
#3 C:\Users\Nirmal Bandara\Downloads\slaravel-blog-system-master\vendor\laravel\framework\src\Illuminate\Container\Container.php(575): Illuminate\Container\Container->resolve('encrypter')
#4 C:\Users\Nirmal Bandara\Downloads\slaravel-blog-system-master\vendor\laravel\framework\src\Illuminate\Foundation\Application.php(728): Illuminate\Container\Container->make('encrypter')
#5 C:\Users\Nirmal Bandara\Downloads\slaravel-blog-system-master\vendor\laravel\framework\src\Illuminate\Container\Container.php(862): Illuminate\Foundation\Application->make('encrypter')
#6 C:\Users\Nirmal Bandara\Downloads\slaravel-blog-system-master\vendor\laravel\framework\src\Illuminate\Container\Container.php(790): Illuminate\Container\Container->resolveClass(Object(ReflectionParameter))
#7 C:\Users\Nirmal Bandara\Downloads\slaravel-blog-system-master\vendor\laravel\framework\src\Illuminate\Container\Container.php(757): Illuminate\Container\Container->resolveDependencies(Array)
#8 C:\Users\Nirmal Bandara\Downloads\slaravel-blog-system-master\vendor\laravel\framework\src\Illuminate\Container\Container.php(608): Illuminate\Container\Container->build('App\\Http\\Middle...')
#9 C:\Users\Nirmal Bandara\Downloads\slaravel-blog-system-master\vendor\laravel\framework\src\Illuminate\Container\Container.php(575): Illuminate\Container\Container->resolve('App\\Http\\Middle...')
#10 C:\Users\Nirmal Bandara\Downloads\slaravel-blog-system-master\vendor\laravel\framework\src\Illuminate\Foundation\Application.php(728): Illuminate\Container\Container->make('App\\Http\\Middle...')
#11 C:\Users\Nirmal Bandara\Downloads\slaravel-blog-system-master\vendor\laravel\framework\src\Illuminate\Foundation\Http\Kernel.php(215): Illuminate\Foundation\Application->make('App\\Http\\Middle...')
#12 C:\Users\Nirmal Bandara\Downloads\slaravel-blog-system-master\vendor\laravel\framework\src\Illuminate\Foundation\Http\Kernel.php(189): Illuminate\Foundation\Http\Kernel->terminateMiddleware(Object(Illuminate\Http\Request), Object(Illuminate\Http\Response))
#13 C:\Users\Nirmal Bandara\Downloads\slaravel-blog-system-master\public\index.php(58): Illuminate\Foundation\Http\Kernel->terminate(Object(Illuminate\Http\Request), Object(Illuminate\Http\Response))
#14 C:\Users\Nirmal Bandara\Downloads\slaravel-blog-system-master\server.php(21): require_once('C:\\Users\\Nirmal...')
#15 {main}  
[2021-10-01 18:02:12] local.ERROR: Symfony\Component\Console\Exception\CommandNotFoundException: There are no commands defined in the "package" namespace. in C:\Users\Nirmal Bandara\Downloads\slaravel-blog-system-master\vendor\symfony\console\Application.php:579
Stack trace:
#0 C:\Users\Nirmal Bandara\Downloads\slaravel-blog-system-master\vendor\symfony\console\Application.php(632): Symfony\Component\Console\Application->findNamespace('package')
#1 C:\Users\Nirmal Bandara\Downloads\slaravel-blog-system-master\vendor\symfony\console\Application.php(236): Symfony\Component\Console\Application->find('package:discove...')
#2 C:\Users\Nirmal Bandara\Downloads\slaravel-blog-system-master\vendor\symfony\console\Application.php(148): Symfony\Component\Console\Application->doRun(Object(Symfony\Component\Console\Input\ArgvInput), Object(Symfony\Component\Console\Output\ConsoleOutput))
#3 C:\Users\Nirmal Bandara\Downloads\slaravel-blog-system-master\vendor\laravel\framework\src\Illuminate\Foundation\Console\Kernel.php(122): Symfony\Component\Console\Application->run(Object(Symfony\Component\Console\Input\ArgvInput), Object(Symfony\Component\Console\Output\ConsoleOutput))
#4 C:\Users\Nirmal Bandara\Downloads\slaravel-blog-system-master\artisan(35): Illuminate\Foundation\Console\Kernel->handle(Object(Symfony\Component\Console\Input\ArgvInput), Object(Symfony\Component\Console\Output\ConsoleOutput))
#5 {main}  
[2021-10-01 18:09:46] local.ERROR: Symfony\Component\Console\Exception\CommandNotFoundException: There are no commands defined in the "package" namespace. in C:\Users\Nirmal Bandara\Downloads\slaravel-blog-system-master\vendor\symfony\console\Application.php:579
Stack trace:
#0 C:\Users\Nirmal Bandara\Downloads\slaravel-blog-system-master\vendor\symfony\console\Application.php(632): Symfony\Component\Console\Application->findNamespace('package')
#1 C:\Users\Nirmal Bandara\Downloads\slaravel-blog-system-master\vendor\symfony\console\Application.php(236): Symfony\Component\Console\Application->find('package:discove...')
#2 C:\Users\Nirmal Bandara\Downloads\slaravel-blog-system-master\vendor\symfony\console\Application.php(148): Symfony\Component\Console\Application->doRun(Object(Symfony\Component\Console\Input\ArgvInput), Object(Symfony\Component\Console\Output\ConsoleOutput))
#3 C:\Users\Nirmal Bandara\Downloads\slaravel-blog-system-master\vendor\laravel\framework\src\Illuminate\Foundation\Console\Kernel.php(122): Symfony\Component\Console\Application->run(Object(Symfony\Component\Console\Input\ArgvInput), Object(Symfony\Component\Console\Output\ConsoleOutput))
#4 C:\Users\Nirmal Bandara\Downloads\slaravel-blog-system-master\artisan(35): Illuminate\Foundation\Console\Kernel->handle(Object(Symfony\Component\Console\Input\ArgvInput), Object(Symfony\Component\Console\Output\ConsoleOutput))
#5 {main}  
